Log file open, 01/03/20 16:17:39
LogWindows: Failed to load 'aqProf.dll' (GetLastError=126)
LogWindows: File 'aqProf.dll' does not exist
LogWindows: Failed to load 'VtuneApi.dll' (GetLastError=126)
LogWindows: File 'VtuneApi.dll' does not exist
LogWindows: Failed to load 'VtuneApi32e.dll' (GetLastError=126)
LogWindows: File 'VtuneApi32e.dll' does not exist
LogConsoleResponse: Display: Failed to find resolution value strings in scalability ini. Falling back to default.
LogInit: Display: Running engine for game: BPTutorial
LogPlatformFile: Not using cached read wrapper
LogTaskGraph: Started task graph with 5 named threads and 14 total threads with 3 sets of task threads.
LogStats: Stats thread started at 0.066206
LogD3D11RHI: Loaded GFSDK_Aftermath_Lib.x64.dll
LogICUInternationalization: ICU TimeZone Detection - Raw Offset: +9:00, Platform Override: ''
LogPluginManager: Mounting plugin Paper2D
LogPluginManager: Mounting plugin AISupport
LogPluginManager: Mounting plugin LightPropagationVolume
LogPluginManager: Mounting plugin ActorLayerUtilities
LogPluginManager: Mounting plugin AnimationSharing
LogPluginManager: Mounting plugin CLionSourceCodeAccess
LogPluginManager: Mounting plugin CodeLiteSourceCodeAccess
LogPluginManager: Mounting plugin GitSourceControl
LogPluginManager: Mounting plugin KDevelopSourceCodeAccess
LogPluginManager: Mounting plugin NullSourceCodeAccess
LogPluginManager: Mounting plugin PerforceSourceControl
LogPluginManager: Mounting plugin PlasticSourceControl
LogPluginManager: Mounting plugin SubversionSourceControl
LogPluginManager: Mounting plugin UObjectPlugin
LogPluginManager: Mounting plugin VisualStudioCodeSourceCodeAccess
LogPluginManager: Mounting plugin VisualStudioSourceCodeAccess
LogPluginManager: Mounting plugin XCodeSourceCodeAccess
LogPluginManager: Mounting plugin AssetManagerEditor
LogPluginManager: Mounting plugin CryptoKeys
LogPluginManager: Mounting plugin CurveEditorTools
LogPluginManager: Mounting plugin DataValidation
LogPluginManager: Mounting plugin FacialAnimation
LogPluginManager: Mounting plugin GameplayTagsEditor
LogPluginManager: Mounting plugin MacGraphicsSwitching
LogPluginManager: Mounting plugin MaterialAnalyzer
LogPluginManager: Mounting plugin MobileLauncherProfileWizard
LogPluginManager: Mounting plugin PluginBrowser
LogPluginManager: Mounting plugin SpeedTreeImporter
LogPluginManager: Mounting plugin DatasmithContent
LogPluginManager: Mounting plugin VariantManagerContent
LogPluginManager: Mounting plugin AlembicImporter
LogPluginManager: Mounting plugin AutomationUtils
LogPluginManager: Mounting plugin BackChannel
LogPluginManager: Mounting plugin CharacterAI
LogPluginManager: Mounting plugin GeometryCache
LogPluginManager: Mounting plugin PlatformCrypto
LogPluginManager: Mounting plugin ProxyLODPlugin
LogPluginManager: Mounting plugin SkeletalReduction
LogPluginManager: Mounting plugin MagicLeap
LogPluginManager: Mounting plugin MagicLeapMedia
LogPluginManager: Mounting plugin MLSDK
LogPluginManager: Mounting plugin AndroidMedia
LogPluginManager: Mounting plugin AvfMedia
LogPluginManager: Mounting plugin ImgMedia
LogPluginManager: Mounting plugin MediaCompositing
LogPluginManager: Mounting plugin MediaPlayerEditor
LogPluginManager: Mounting plugin WebMMedia
LogPluginManager: Mounting plugin WmfMedia
LogPluginManager: Mounting plugin TcpMessaging
LogPluginManager: Mounting plugin UdpMessaging
LogPluginManager: Mounting plugin ActorSequence
LogPluginManager: Mounting plugin LevelSequenceEditor
LogPluginManager: Mounting plugin MatineeToLevelSequence
LogPluginManager: Mounting plugin NetcodeUnitTest
LogPluginManager: Mounting plugin NUTUnrealEngine4
LogPluginManager: Mounting plugin OnlineSubsystemGooglePlay
LogPluginManager: Mounting plugin OnlineSubsystemIOS
LogPluginManager: Mounting plugin OnlineSubsystem
LogPluginManager: Mounting plugin OnlineSubsystemNull
LogPluginManager: Mounting plugin OnlineSubsystemUtils
LogPluginManager: Mounting plugin LauncherChunkInstaller
LogPluginManager: Mounting plugin AndroidDeviceProfileSelector
LogPluginManager: Mounting plugin AndroidMoviePlayer
LogPluginManager: Mounting plugin AndroidPermission
LogPluginManager: Mounting plugin AppleImageUtils
LogPluginManager: Mounting plugin AppleMoviePlayer
LogPluginManager: Mounting plugin ArchVisCharacter
LogPluginManager: Mounting plugin AssetTags
LogPluginManager: Mounting plugin AudioCapture
LogPluginManager: Mounting plugin CableComponent
LogPluginManager: Mounting plugin CustomMeshComponent
LogPluginManager: Mounting plugin EditableMesh
LogPluginManager: Mounting plugin ExampleDeviceProfileSelector
LogPluginManager: Mounting plugin GoogleCloudMessaging
LogPluginManager: Mounting plugin IOSDeviceProfileSelector
LogPluginManager: Mounting plugin LinuxDeviceProfileSelector
LogPluginManager: Mounting plugin LocationServicesBPLibrary
LogPluginManager: Mounting plugin MobilePatchingUtils
LogPluginManager: Mounting plugin OculusVR
LogPluginManager: Mounting plugin PhysXVehicles
LogPluginManager: Mounting plugin PostSplashScreen
LogPluginManager: Mounting plugin ProceduralMeshComponent
LogPluginManager: Mounting plugin RuntimePhysXCooking
LogPluginManager: Mounting plugin SignificanceManager
LogPluginManager: Mounting plugin SteamVR
LogPluginManager: Mounting plugin WebMMoviePlayer
LogPluginManager: Mounting plugin WindowsMoviePlayer
LogPluginManager: Mounting plugin ScreenshotTools
LogInit: Using libcurl 7.55.1-DEV
LogInit:  - built for x86_64-pc-win32
LogInit:  - supports SSL with OpenSSL/1.1.1
LogInit:  - supports HTTP deflate (compression) using libz 1.2.8
LogInit:  - other features:
LogInit:      CURL_VERSION_SSL
LogInit:      CURL_VERSION_LIBZ
LogInit:      CURL_VERSION_IPV6
LogInit:      CURL_VERSION_ASYNCHDNS
LogInit:      CURL_VERSION_LARGEFILE
LogInit:      CURL_VERSION_IDN
LogInit:  CurlRequestOptions (configurable via config and command line):
LogInit:  - bVerifyPeer = true  - Libcurl will verify peer certificate
LogInit:  - bUseHttpProxy = false  - Libcurl will NOT use HTTP proxy
LogInit:  - bDontReuseConnections = false  - Libcurl will reuse connections
LogInit:  - MaxHostConnections = 16  - Libcurl will limit the number of connections to a host
LogInit:  - LocalHostAddr = Default
LogInit:  - BufferSize = 65536
LogOnline: OSS: Creating online subsystem instance for: NULL
LogInit: WinSock: version 1.1 (2.2), MaxSocks=32767, MaxUdp=65467
LogOnline: OSS: TryLoadSubsystemAndSetDefault: Loaded subsystem for module [NULL]
LogInit: Build: ++UE4+Release-4.24-CL-10757647
LogInit: Engine Version: 4.24.1-10757647+++UE4+Release-4.24
LogInit: Compatible Engine Version: 4.24.0-10570792+++UE4+Release-4.24
LogInit: Net CL: 10570792
LogInit: OS: Windows 10 (Release 1903) (), CPU: Intel(R) Core(TM) i5-7500 CPU @ 3.40GHz, GPU: NVIDIA GeForce GTX 1060 6GB
LogInit: Compiled (64-bit): Dec 17 2019 02:08:03
LogInit: Compiled with Visual C++: 19.16.27032.01
LogInit: Build Configuration: Development
LogInit: Branch Name: ++UE4+Release-4.24
LogInit: Command Line: 
LogInit: Base Directory: D:/Epic Games/UE_4.24/Engine/Binaries/Win64/
LogInit: Installed Engine Build: 1
LogDevObjectVersion: Number of dev versions registered: 25
LogDevObjectVersion:   Dev-Blueprints (B0D832E4-1F89-4F0D-ACCF-7EB736FD4AA2): 10
LogDevObjectVersion:   Dev-Build (E1C64328-A22C-4D53-A36C-8E866417BD8C): 0
LogDevObjectVersion:   Dev-Core (375EC13C-06E4-48FB-B500-84F0262A717E): 3
LogDevObjectVersion:   Dev-Editor (E4B068ED-F494-42E9-A231-DA0B2E46BB41): 37
LogDevObjectVersion:   Dev-Framework (CFFC743F-43B0-4480-9391-14DF171D2073): 36
LogDevObjectVersion:   Dev-Mobile (B02B49B5-BB20-44E9-A304-32B752E40360): 2
LogDevObjectVersion:   Dev-Networking (A4E4105C-59A1-49B5-A7C5-40C4547EDFEE): 0
LogDevObjectVersion:   Dev-Online (39C831C9-5AE6-47DC-9A44-9C173E1C8E7C): 0
LogDevObjectVersion:   Dev-Physics (78F01B33-EBEA-4F98-B9B4-84EACCB95AA2): 2
LogDevObjectVersion:   Dev-Platform (6631380F-2D4D-43E0-8009-CF276956A95A): 0
LogDevObjectVersion:   Dev-Rendering (12F88B9F-8875-4AFC-A67C-D90C383ABD29): 36
LogDevObjectVersion:   Dev-Sequencer (7B5AE74C-D270-4C10-A958-57980B212A5A): 11
LogDevObjectVersion:   Dev-VR (D7296918-1DD6-4BDD-9DE2-64A83CC13884): 2
LogDevObjectVersion:   Dev-LoadTimes (C2A15278-BFE7-4AFE-6C17-90FF531DF755): 1
LogDevObjectVersion:   Private-Geometry (6EACA3D4-40EC-4CC1-B786-8BED09428FC5): 3
LogDevObjectVersion:   Dev-AnimPhys (29E575DD-E0A3-4627-9D10-D276232CDCEA): 17
LogDevObjectVersion:   Dev-Anim (AF43A65D-7FD3-4947-9873-3E8ED9C1BB05): 2
LogDevObjectVersion:   Dev-ReflectionCapture (6B266CEC-1EC7-4B8F-A30B-E4D90942FC07): 1
LogDevObjectVersion:   Dev-Automation (0DF73D61-A23F-47EA-B727-89E90C41499A): 1
LogDevObjectVersion:   FortniteMain (601D1886-AC64-4F84-AA16-D3DE0DEAC7D6): 31
LogDevObjectVersion:   Dev-Enterprise (9DFFBCD6-494F-0158-E221-12823C92A888): 8
LogDevObjectVersion:   Dev-Niagara (F2AED0AC-9AFE-416F-8664-AA7FFA26D6FC): 1
LogDevObjectVersion:   Dev-Destruction (174F1F0B-B4C6-45A5-B13F-2EE8D0FB917D): 9
LogDevObjectVersion:   Dev-Physics-Ext (35F94A83-E258-406C-A318-09F59610247C): 8
LogDevObjectVersion:   Dev-CineCamera (B2E18506-4273-CFC2-A54E-F4BB758BBA07): 1
LogInit: Presizing for max 25165824 objects, including 0 objects not considered by GC, pre-allocating 0 bytes for permanent pool.
LogInit: Object subsystem initialized
LogConfig: Setting CVar [[con.DebugEarlyDefault:1]]
LogConfig: Setting CVar [[r.setres:1280x720]]
[2020.01.03-07.17.39:386][  0]LogConfig: Setting CVar [[r.VSync:0]]
[2020.01.03-07.17.39:386][  0]LogConfig: Setting CVar [[r.RHICmdBypass:0]]
[2020.01.03-07.17.39:387][  0]LogConfig: Applying CVar settings from Section [/Script/Engine.RendererSettings] File [C:/Users/gowjr/gitProject/UnrealEngine/BPTutorial/Saved/Config/Windows/Engine.ini]
[2020.01.03-07.17.39:387][  0]LogConfig: Setting CVar [[r.GPUCrashDebugging:0]]
[2020.01.03-07.17.39:387][  0]LogConfig: Applying CVar settings from Section [/Script/Engine.RendererOverrideSettings] File [C:/Users/gowjr/gitProject/UnrealEngine/BPTutorial/Saved/Config/Windows/Engine.ini]
[2020.01.03-07.17.39:387][  0]LogConfig: Applying CVar settings from Section [/Script/Engine.StreamingSettings] File [C:/Users/gowjr/gitProject/UnrealEngine/BPTutorial/Saved/Config/Windows/Engine.ini]
[2020.01.03-07.17.39:387][  0]LogConfig: Setting CVar [[s.MinBulkDataSizeForAsyncLoading:131072]]
[2020.01.03-07.17.39:387][  0]LogConfig: Setting CVar [[s.AsyncLoadingThreadEnabled:0]]
[2020.01.03-07.17.39:387][  0]LogConfig: Setting CVar [[s.EventDrivenLoaderEnabled:1]]
[2020.01.03-07.17.39:387][  0]LogConfig: Setting CVar [[s.WarnIfTimeLimitExceeded:0]]
[2020.01.03-07.17.39:387][  0]LogConfig: Setting CVar [[s.TimeLimitExceededMultiplier:1.5]]
[2020.01.03-07.17.39:387][  0]LogConfig: Setting CVar [[s.TimeLimitExceededMinTime:0.005]]
[2020.01.03-07.17.39:387][  0]LogConfig: Setting CVar [[s.UseBackgroundLevelStreaming:1]]
[2020.01.03-07.17.39:387][  0]LogConfig: Setting CVar [[s.PriorityAsyncLoadingExtraTime:15.0]]
[2020.01.03-07.17.39:387][  0]LogConfig: Setting CVar [[s.LevelStreamingActorsUpdateTimeLimit:5.0]]
[2020.01.03-07.17.39:387][  0]LogConfig: Setting CVar [[s.PriorityLevelStreamingActorsUpdateExtraTime:5.0]]
[2020.01.03-07.17.39:387][  0]LogConfig: Setting CVar [[s.LevelStreamingComponentsRegistrationGranularity:10]]
[2020.01.03-07.17.39:387][  0]LogConfig: Setting CVar [[s.UnregisterComponentsTimeLimit:1.0]]
[2020.01.03-07.17.39:387][  0]LogConfig: Setting CVar [[s.LevelStreamingComponentsUnregistrationGranularity:5]]
[2020.01.03-07.17.39:387][  0]LogConfig: Setting CVar [[s.FlushStreamingOnExit:1]]
[2020.01.03-07.17.39:387][  0]LogConfig: Applying CVar settings from Section [/Script/Engine.GarbageCollectionSettings] File [C:/Users/gowjr/gitProject/UnrealEngine/BPTutorial/Saved/Config/Windows/Engine.ini]
[2020.01.03-07.17.39:387][  0]LogConfig: Setting CVar [[gc.MaxObjectsNotConsideredByGC:1]]
[2020.01.03-07.17.39:387][  0]LogConfig: Setting CVar [[gc.SizeOfPermanentObjectPool:0]]
[2020.01.03-07.17.39:387][  0]LogConfig: Setting CVar [[gc.FlushStreamingOnGC:0]]
[2020.01.03-07.17.39:387][  0]LogConfig: Setting CVar [[gc.NumRetriesBeforeForcingGC:10]]
[2020.01.03-07.17.39:387][  0]LogConfig: Setting CVar [[gc.AllowParallelGC:1]]
[2020.01.03-07.17.39:387][  0]LogConfig: Setting CVar [[gc.TimeBetweenPurgingPendingKillObjects:61.1]]
[2020.01.03-07.17.39:387][  0]LogConfig: Setting CVar [[gc.MaxObjectsInEditor:25165824]]
[2020.01.03-07.17.39:387][  0]LogConfig: Setting CVar [[gc.IncrementalBeginDestroyEnabled:1]]
[2020.01.03-07.17.39:387][  0]LogConfig: Setting CVar [[gc.CreateGCClusters:1]]
[2020.01.03-07.17.39:387][  0]LogConfig: Setting CVar [[gc.MinGCClusterSize:5]]
[2020.01.03-07.17.39:387][  0]LogConfig: Setting CVar [[gc.ActorClusteringEnabled:0]]
[2020.01.03-07.17.39:387][  0]LogConfig: Setting CVar [[gc.BlueprintClusteringEnabled:0]]
[2020.01.03-07.17.39:387][  0]LogConfig: Setting CVar [[gc.UseDisregardForGCOnDedicatedServers:0]]
[2020.01.03-07.17.39:387][  0]LogConfig: Applying CVar settings from Section [/Script/Engine.NetworkSettings] File [C:/Users/gowjr/gitProject/UnrealEngine/BPTutorial/Saved/Config/Windows/Engine.ini]
[2020.01.03-07.17.39:387][  0]LogConfig: Applying CVar settings from Section [/Script/UnrealEd.CookerSettings] File [C:/Users/gowjr/gitProject/UnrealEngine/BPTutorial/Saved/Config/Windows/Engine.ini]
[2020.01.03-07.17.39:393][  0]LogConfig: Applying CVar settings from Section [ViewDistanceQuality@3] File [C:/Users/gowjr/gitProject/UnrealEngine/BPTutorial/Saved/Config/Windows/Scalability.ini]
[2020.01.03-07.17.39:393][  0]LogConfig: Setting CVar [[r.SkeletalMeshLODBias:0]]
[2020.01.03-07.17.39:393][  0]LogConfig: Setting CVar [[r.ViewDistanceScale:1.0]]
[2020.01.03-07.17.39:393][  0]LogConfig: Applying CVar settings from Section [AntiAliasingQuality@3] File [C:/Users/gowjr/gitProject/UnrealEngine/BPTutorial/Saved/Config/Windows/Scalability.ini]
[2020.01.03-07.17.39:393][  0]LogConfig: Setting CVar [[r.PostProcessAAQuality:4]]
[2020.01.03-07.17.39:393][  0]LogConfig: Applying CVar settings from Section [ShadowQuality@3] File [C:/Users/gowjr/gitProject/UnrealEngine/BPTutorial/Saved/Config/Windows/Scalability.ini]
[2020.01.03-07.17.39:393][  0]LogConfig: Setting CVar [[r.LightFunctionQuality:1]]
[2020.01.03-07.17.39:393][  0]LogConfig: Setting CVar [[r.ShadowQuality:5]]
[2020.01.03-07.17.39:393][  0]LogConfig: Setting CVar [[r.Shadow.CSM.MaxCascades:10]]
[2020.01.03-07.17.39:393][  0]LogConfig: Setting CVar [[r.Shadow.MaxResolution:2048]]
[2020.01.03-07.17.39:393][  0]LogConfig: Setting CVar [[r.Shadow.MaxCSMResolution:2048]]
[2020.01.03-07.17.39:393][  0]LogConfig: Setting CVar [[r.Shadow.RadiusThreshold:0.01]]
[2020.01.03-07.17.39:393][  0]LogConfig: Setting CVar [[r.Shadow.DistanceScale:1.0]]
[2020.01.03-07.17.39:393][  0]LogConfig: Setting CVar [[r.Shadow.CSM.TransitionScale:1.0]]
[2020.01.03-07.17.39:393][  0]LogConfig: Setting CVar [[r.Shadow.PreShadowResolutionFactor:1.0]]
[2020.01.03-07.17.39:393][  0]LogConfig: Setting CVar [[r.DistanceFieldShadowing:1]]
[2020.01.03-07.17.39:393][  0]LogConfig: Setting CVar [[r.DistanceFieldAO:1]]
[2020.01.03-07.17.39:393][  0]LogConfig: Setting CVar [[r.AOQuality:2]]
[2020.01.03-07.17.39:393][  0]LogConfig: Setting CVar [[r.VolumetricFog:1]]
[2020.01.03-07.17.39:393][  0]LogConfig: Setting CVar [[r.VolumetricFog.GridPixelSize:8]]
[2020.01.03-07.17.39:393][  0]LogConfig: Setting CVar [[r.VolumetricFog.GridSizeZ:128]]
[2020.01.03-07.17.39:393][  0]LogConfig: Setting CVar [[r.VolumetricFog.HistoryMissSupersampleCount:4]]
[2020.01.03-07.17.39:393][  0]LogConfig: Setting CVar [[r.LightMaxDrawDistanceScale:1]]
[2020.01.03-07.17.39:393][  0]LogConfig: Setting CVar [[r.CapsuleShadows:1]]
[2020.01.03-07.17.39:394][  0]LogConfig: Applying CVar settings from Section [PostProcessQuality@3] File [C:/Users/gowjr/gitProject/UnrealEngine/BPTutorial/Saved/Config/Windows/Scalability.ini]
[2020.01.03-07.17.39:394][  0]LogConfig: Setting CVar [[r.MotionBlurQuality:4]]
[2020.01.03-07.17.39:394][  0]LogConfig: Setting CVar [[r.AmbientOcclusionMipLevelFactor:0.4]]
[2020.01.03-07.17.39:394][  0]LogConfig: Setting CVar [[r.AmbientOcclusionMaxQuality:100]]
[2020.01.03-07.17.39:394][  0]LogConfig: Setting CVar [[r.AmbientOcclusionLevels:-1]]
[2020.01.03-07.17.39:394][  0]LogConfig: Setting CVar [[r.AmbientOcclusionRadiusScale:1.0]]
[2020.01.03-07.17.39:394][  0]LogConfig: Setting CVar [[r.DepthOfFieldQuality:2]]
[2020.01.03-07.17.39:394][  0]LogConfig: Setting CVar [[r.RenderTargetPoolMin:400]]
[2020.01.03-07.17.39:394][  0]LogConfig: Setting CVar [[r.LensFlareQuality:2]]
[2020.01.03-07.17.39:394][  0]LogConfig: Setting CVar [[r.SceneColorFringeQuality:1]]
[2020.01.03-07.17.39:394][  0]LogConfig: Setting CVar [[r.EyeAdaptationQuality:2]]
[2020.01.03-07.17.39:394][  0]LogConfig: Setting CVar [[r.BloomQuality:5]]
[2020.01.03-07.17.39:394][  0]LogConfig: Setting CVar [[r.FastBlurThreshold:100]]
[2020.01.03-07.17.39:394][  0]LogConfig: Setting CVar [[r.Upscale.Quality:3]]
[2020.01.03-07.17.39:394][  0]LogConfig: Setting CVar [[r.Tonemapper.GrainQuantization:1]]
[2020.01.03-07.17.39:394][  0]LogConfig: Setting CVar [[r.LightShaftQuality:1]]
[2020.01.03-07.17.39:394][  0]LogConfig: Setting CVar [[r.Filter.SizeScale:1]]
[2020.01.03-07.17.39:394][  0]LogConfig: Setting CVar [[r.Tonemapper.Quality:5]]
[2020.01.03-07.17.39:394][  0]LogConfig: Setting CVar [[r.DOF.Gather.AccumulatorQuality:1        ; higher gathering accumulator quality]]
[2020.01.03-07.17.39:394][  0]LogConfig: Setting CVar [[r.DOF.Gather.PostfilterMethod:1          ; Median3x3 postfilering method]]
[2020.01.03-07.17.39:394][  0]LogConfig: Setting CVar [[r.DOF.Gather.EnableBokehSettings:0       ; no bokeh simulation when gathering]]
[2020.01.03-07.17.39:394][  0]LogConfig: Setting CVar [[r.DOF.Gather.RingCount:4                 ; medium number of samples when gathering]]
[2020.01.03-07.17.39:394][  0]LogConfig: Setting CVar [[r.DOF.Scatter.ForegroundCompositing:1    ; additive foreground scattering]]
[2020.01.03-07.17.39:394][  0]LogConfig: Setting CVar [[r.DOF.Scatter.BackgroundCompositing:2    ; additive background scattering]]
[2020.01.03-07.17.39:394][  0]LogConfig: Setting CVar [[r.DOF.Scatter.EnableBokehSettings:1      ; bokeh simulation when scattering]]
[2020.01.03-07.17.39:394][  0]LogConfig: Setting CVar [[r.DOF.Scatter.MaxSpriteRatio:0.1         ; only a maximum of 10% of scattered bokeh]]
[2020.01.03-07.17.39:394][  0]LogConfig: Setting CVar [[r.DOF.Recombine.Quality:1                ; cheap slight out of focus]]
[2020.01.03-07.17.39:394][  0]LogConfig: Setting CVar [[r.DOF.Recombine.EnableBokehSettings:0    ; no bokeh simulation on slight out of focus]]
[2020.01.03-07.17.39:394][  0]LogConfig: Setting CVar [[r.DOF.TemporalAAQuality:1                ; more stable temporal accumulation]]
[2020.01.03-07.17.39:394][  0]LogConfig: Setting CVar [[r.DOF.Kernel.MaxForegroundRadius:0.025]]
[2020.01.03-07.17.39:394][  0]LogConfig: Setting CVar [[r.DOF.Kernel.MaxBackgroundRadius:0.025]]
[2020.01.03-07.17.39:394][  0]LogConfig: Applying CVar settings from Section [TextureQuality@3] File [C:/Users/gowjr/gitProject/UnrealEngine/BPTutorial/Saved/Config/Windows/Scalability.ini]
[2020.01.03-07.17.39:394][  0]LogConfig: Setting CVar [[r.Streaming.MipBias:0]]
[2020.01.03-07.17.39:394][  0]LogConfig: Setting CVar [[r.Streaming.AmortizeCPUToGPUCopy:0]]
[2020.01.03-07.17.39:394][  0]LogConfig: Setting CVar [[r.Streaming.MaxNumTexturesToStreamPerFrame:0]]
[2020.01.03-07.17.39:394][  0]LogConfig: Setting CVar [[r.Streaming.Boost:1]]
[2020.01.03-07.17.39:394][  0]LogConfig: Setting CVar [[r.MaxAnisotropy:8]]
[2020.01.03-07.17.39:394][  0]LogConfig: Setting CVar [[r.VT.MaxAnisotropy:8]]
[2020.01.03-07.17.39:394][  0]LogConfig: Setting CVar [[r.Streaming.LimitPoolSizeToVRAM:0]]
[2020.01.03-07.17.39:394][  0]LogConfig: Setting CVar [[r.Streaming.PoolSize:1000]]
[2020.01.03-07.17.39:394][  0]LogConfig: Setting CVar [[r.Streaming.MaxEffectiveScreenSize:0]]
[2020.01.03-07.17.39:394][  0]LogConfig: Applying CVar settings from Section [EffectsQuality@3] File [C:/Users/gowjr/gitProject/UnrealEngine/BPTutorial/Saved/Config/Windows/Scalability.ini]
[2020.01.03-07.17.39:394][  0]LogConfig: Setting CVar [[r.TranslucencyLightingVolumeDim:64]]
[2020.01.03-07.17.39:394][  0]LogConfig: Setting CVar [[r.RefractionQuality:2]]
[2020.01.03-07.17.39:394][  0]LogConfig: Setting CVar [[r.SSR.Quality:3]]
[2020.01.03-07.17.39:394][  0]LogConfig: Setting CVar [[r.SSR.HalfResSceneColor:0]]
[2020.01.03-07.17.39:394][  0]LogConfig: Setting CVar [[r.SceneColorFormat:4]]
[2020.01.03-07.17.39:394][  0]LogConfig: Setting CVar [[r.DetailMode:2]]
[2020.01.03-07.17.39:394][  0]LogConfig: Setting CVar [[r.TranslucencyVolumeBlur:1]]
[2020.01.03-07.17.39:394][  0]LogConfig: Setting CVar [[r.MaterialQualityLevel:1 ; High quality]]
[2020.01.03-07.17.39:394][  0]LogConfig: Setting CVar [[r.SSS.Scale:1]]
[2020.01.03-07.17.39:394][  0]LogConfig: Setting CVar [[r.SSS.SampleSet:2]]
[2020.01.03-07.17.39:394][  0]LogConfig: Setting CVar [[r.SSS.Quality:1]]
[2020.01.03-07.17.39:394][  0]LogConfig: Setting CVar [[r.SSS.HalfRes:1]]
[2020.01.03-07.17.39:394][  0]LogConfig: Setting CVar [[r.SSGI.Quality:3]]
[2020.01.03-07.17.39:394][  0]LogConfig: Setting CVar [[r.EmitterSpawnRateScale:1.0]]
[2020.01.03-07.17.39:394][  0]LogConfig: Setting CVar [[r.ParticleLightQuality:2]]
[2020.01.03-07.17.39:394][  0]LogConfig: Setting CVar [[r.SkyAtmosphere.AerialPerspectiveLUT.FastApplyOnOpaque:1 ; Always have FastSkyLUT 1 in this case to avoid wrong sky]]
[2020.01.03-07.17.39:394][  0]LogConfig: Setting CVar [[r.SkyAtmosphere.AerialPerspectiveLUT.SampleCountPerSlice:1]]
[2020.01.03-07.17.39:394][  0]LogConfig: Setting CVar [[r.SkyAtmosphere.AerialPerspectiveLUT.DepthResolution:16.0]]
[2020.01.03-07.17.39:394][  0]LogConfig: Setting CVar [[r.SkyAtmosphere.FastSkyLUT:1]]
[2020.01.03-07.17.39:394][  0]LogConfig: Setting CVar [[r.SkyAtmosphere.FastSkyLUT.SampleCountMin:4.0]]
[2020.01.03-07.17.39:394][  0]LogConfig: Setting CVar [[r.SkyAtmosphere.FastSkyLUT.SampleCountMax:32.0]]
[2020.01.03-07.17.39:394][  0]LogConfig: Setting CVar [[r.SkyAtmosphere.SampleCountMin:4.0]]
[2020.01.03-07.17.39:394][  0]LogConfig: Setting CVar [[r.SkyAtmosphere.SampleCountMax:32.0]]
[2020.01.03-07.17.39:394][  0]LogConfig: Setting CVar [[r.SkyAtmosphere.TransmittanceLUT.UseSmallFormat:0]]
[2020.01.03-07.17.39:394][  0]LogConfig: Setting CVar [[r.SkyAtmosphere.TransmittanceLUT.SampleCount:10.0]]
[2020.01.03-07.17.39:394][  0]LogConfig: Setting CVar [[r.SkyAtmosphere.MultiScatteringLUT.SampleCount:15.0]]
[2020.01.03-07.17.39:394][  0]LogConfig: Applying CVar settings from Section [FoliageQuality@3] File [C:/Users/gowjr/gitProject/UnrealEngine/BPTutorial/Saved/Config/Windows/Scalability.ini]
[2020.01.03-07.17.39:394][  0]LogConfig: Setting CVar [[foliage.DensityScale:1.0]]
[2020.01.03-07.17.39:394][  0]LogConfig: Setting CVar [[grass.DensityScale:1.0]]
[2020.01.03-07.17.39:394][  0]LogConfig: Applying CVar settings from Section [ShadingQuality@3] File [C:/Users/gowjr/gitProject/UnrealEngine/BPTutorial/Saved/Config/Windows/Scalability.ini]
[2020.01.03-07.17.39:394][  0]LogConfig: Setting CVar [[r.HairStrands.SkyLighting.SampleCount:16]]
[2020.01.03-07.17.39:394][  0]LogConfig: Setting CVar [[r.HairStrands.SkyLighting.JitterIntegration:0]]
[2020.01.03-07.17.39:394][  0]LogConfig: Setting CVar [[r.HairStrands.SkyAO.SampleCount:16]]
[2020.01.03-07.17.39:395][  0]LogInit: Selected Device Profile: [Windows]
[2020.01.03-07.17.39:395][  0]LogInit: Applying CVar settings loaded from the selected device profile: [Windows]
[2020.01.03-07.17.39:397][  0]LogHAL: Display: Platform has ~ 16 GB [17141833728 / 17179869184 / 16], which maps to Larger [LargestMinGB=32, LargerMinGB=12, DefaultMinGB=8, SmallerMinGB=6, SmallestMinGB=0)
[2020.01.03-07.17.39:397][  0]LogInit: Going up to parent DeviceProfile []
[2020.01.03-07.17.39:397][  0]LogConfig: Applying CVar settings from Section [ViewDistanceQuality@3] File [C:/Users/gowjr/gitProject/UnrealEngine/BPTutorial/Saved/Config/Windows/Scalability.ini]
[2020.01.03-07.17.39:397][  0]LogConfig: Setting CVar [[r.SkeletalMeshLODBias:0]]
[2020.01.03-07.17.39:397][  0]LogConfig: Setting CVar [[r.ViewDistanceScale:1.0]]
[2020.01.03-07.17.39:397][  0]LogConfig: Applying CVar settings from Section [AntiAliasingQuality@3] File [C:/Users/gowjr/gitProject/UnrealEngine/BPTutorial/Saved/Config/Windows/Scalability.ini]
[2020.01.03-07.17.39:397][  0]LogConfig: Setting CVar [[r.PostProcessAAQuality:4]]
[2020.01.03-07.17.39:397][  0]LogConfig: Applying CVar settings from Section [ShadowQuality@3] File [C:/Users/gowjr/gitProject/UnrealEngine/BPTutorial/Saved/Config/Windows/Scalability.ini]
[2020.01.03-07.17.39:397][  0]LogConfig: Setting CVar [[r.LightFunctionQuality:1]]
[2020.01.03-07.17.39:397][  0]LogConfig: Setting CVar [[r.ShadowQuality:5]]
[2020.01.03-07.17.39:397][  0]LogConfig: Setting CVar [[r.Shadow.CSM.MaxCascades:10]]
[2020.01.03-07.17.39:397][  0]LogConfig: Setting CVar [[r.Shadow.MaxResolution:2048]]
[2020.01.03-07.17.39:397][  0]LogConfig: Setting CVar [[r.Shadow.MaxCSMResolution:2048]]
[2020.01.03-07.17.39:397][  0]LogConfig: Setting CVar [[r.Shadow.RadiusThreshold:0.01]]
[2020.01.03-07.17.39:397][  0]LogConfig: Setting CVar [[r.Shadow.DistanceScale:1.0]]
[2020.01.03-07.17.39:397][  0]LogConfig: Setting CVar [[r.Shadow.CSM.TransitionScale:1.0]]
[2020.01.03-07.17.39:397][  0]LogConfig: Setting CVar [[r.Shadow.PreShadowResolutionFactor:1.0]]
[2020.01.03-07.17.39:397][  0]LogConfig: Setting CVar [[r.DistanceFieldShadowing:1]]
[2020.01.03-07.17.39:397][  0]LogConfig: Setting CVar [[r.DistanceFieldAO:1]]
[2020.01.03-07.17.39:397][  0]LogConfig: Setting CVar [[r.AOQuality:2]]
[2020.01.03-07.17.39:397][  0]LogConfig: Setting CVar [[r.VolumetricFog:1]]
[2020.01.03-07.17.39:397][  0]LogConfig: Setting CVar [[r.VolumetricFog.GridPixelSize:8]]
[2020.01.03-07.17.39:397][  0]LogConfig: Setting CVar [[r.VolumetricFog.GridSizeZ:128]]
[2020.01.03-07.17.39:397][  0]LogConfig: Setting CVar [[r.VolumetricFog.HistoryMissSupersampleCount:4]]
[2020.01.03-07.17.39:397][  0]LogConfig: Setting CVar [[r.LightMaxDrawDistanceScale:1]]
[2020.01.03-07.17.39:397][  0]LogConfig: Setting CVar [[r.CapsuleShadows:1]]
[2020.01.03-07.17.39:397][  0]LogConfig: Applying CVar settings from Section [PostProcessQuality@3] File [C:/Users/gowjr/gitProject/UnrealEngine/BPTutorial/Saved/Config/Windows/Scalability.ini]
[2020.01.03-07.17.39:397][  0]LogConfig: Setting CVar [[r.MotionBlurQuality:4]]
[2020.01.03-07.17.39:397][  0]LogConfig: Setting CVar [[r.AmbientOcclusionMipLevelFactor:0.4]]
[2020.01.03-07.17.39:397][  0]LogConfig: Setting CVar [[r.AmbientOcclusionMaxQuality:100]]
[2020.01.03-07.17.39:397][  0]LogConfig: Setting CVar [[r.AmbientOcclusionLevels:-1]]
[2020.01.03-07.17.39:397][  0]LogConfig: Setting CVar [[r.AmbientOcclusionRadiusScale:1.0]]
[2020.01.03-07.17.39:397][  0]LogConfig: Setting CVar [[r.DepthOfFieldQuality:2]]
[2020.01.03-07.17.39:397][  0]LogConfig: Setting CVar [[r.RenderTargetPoolMin:400]]
[2020.01.03-07.17.39:397][  0]LogConfig: Setting CVar [[r.LensFlareQuality:2]]
[2020.01.03-07.17.39:397][  0]LogConfig: Setting CVar [[r.SceneColorFringeQuality:1]]
[2020.01.03-07.17.39:397][  0]LogConfig: Setting CVar [[r.EyeAdaptationQuality:2]]
[2020.01.03-07.17.39:397][  0]LogConfig: Setting CVar [[r.BloomQuality:5]]
[2020.01.03-07.17.39:397][  0]LogConfig: Setting CVar [[r.FastBlurThreshold:100]]
[2020.01.03-07.17.39:397][  0]LogConfig: Setting CVar [[r.Upscale.Quality:3]]
[2020.01.03-07.17.39:397][  0]LogConfig: Setting CVar [[r.Tonemapper.GrainQuantization:1]]
[2020.01.03-07.17.39:397][  0]LogConfig: Setting CVar [[r.LightShaftQuality:1]]
[2020.01.03-07.17.39:397][  0]LogConfig: Setting CVar [[r.Filter.SizeScale:1]]
[2020.01.03-07.17.39:397][  0]LogConfig: Setting CVar [[r.Tonemapper.Quality:5]]
[2020.01.03-07.17.39:397][  0]LogConfig: Setting CVar [[r.DOF.Gather.AccumulatorQuality:1        ; higher gathering accumulator quality]]
[2020.01.03-07.17.39:397][  0]LogConfig: Setting CVar [[r.DOF.Gather.PostfilterMethod:1          ; Median3x3 postfilering method]]
[2020.01.03-07.17.39:397][  0]LogConfig: Setting CVar [[r.DOF.Gather.EnableBokehSettings:0       ; no bokeh simulation when gathering]]
[2020.01.03-07.17.39:397][  0]LogConfig: Setting CVar [[r.DOF.Gather.RingCount:4                 ; medium number of samples when gathering]]
[2020.01.03-07.17.39:397][  0]LogConfig: Setting CVar [[r.DOF.Scatter.ForegroundCompositing:1    ; additive foreground scattering]]
[2020.01.03-07.17.39:397][  0]LogConfig: Setting CVar [[r.DOF.Scatter.BackgroundCompositing:2    ; additive background scattering]]
[2020.01.03-07.17.39:397][  0]LogConfig: Setting CVar [[r.DOF.Scatter.EnableBokehSettings:1      ; bokeh simulation when scattering]]
[2020.01.03-07.17.39:397][  0]LogConfig: Setting CVar [[r.DOF.Scatter.MaxSpriteRatio:0.1         ; only a maximum of 10% of scattered bokeh]]
[2020.01.03-07.17.39:397][  0]LogConfig: Setting CVar [[r.DOF.Recombine.Quality:1                ; cheap slight out of focus]]
[2020.01.03-07.17.39:398][  0]LogConfig: Setting CVar [[r.DOF.Recombine.EnableBokehSettings:0    ; no bokeh simulation on slight out of focus]]
[2020.01.03-07.17.39:398][  0]LogConfig: Setting CVar [[r.DOF.TemporalAAQuality:1                ; more stable temporal accumulation]]
[2020.01.03-07.17.39:398][  0]LogConfig: Setting CVar [[r.DOF.Kernel.MaxForegroundRadius:0.025]]
[2020.01.03-07.17.39:398][  0]LogConfig: Setting CVar [[r.DOF.Kernel.MaxBackgroundRadius:0.025]]
[2020.01.03-07.17.39:398][  0]LogConfig: Applying CVar settings from Section [TextureQuality@3] File [C:/Users/gowjr/gitProject/UnrealEngine/BPTutorial/Saved/Config/Windows/Scalability.ini]
[2020.01.03-07.17.39:398][  0]LogConfig: Setting CVar [[r.Streaming.MipBias:0]]
[2020.01.03-07.17.39:398][  0]LogConfig: Setting CVar [[r.Streaming.AmortizeCPUToGPUCopy:0]]
[2020.01.03-07.17.39:398][  0]LogConfig: Setting CVar [[r.Streaming.MaxNumTexturesToStreamPerFrame:0]]
[2020.01.03-07.17.39:398][  0]LogConfig: Setting CVar [[r.Streaming.Boost:1]]
[2020.01.03-07.17.39:398][  0]LogConfig: Setting CVar [[r.MaxAnisotropy:8]]
[2020.01.03-07.17.39:398][  0]LogConfig: Setting CVar [[r.VT.MaxAnisotropy:8]]
[2020.01.03-07.17.39:398][  0]LogConfig: Setting CVar [[r.Streaming.LimitPoolSizeToVRAM:0]]
[2020.01.03-07.17.39:398][  0]LogConfig: Setting CVar [[r.Streaming.PoolSize:1000]]
[2020.01.03-07.17.39:398][  0]LogConfig: Setting CVar [[r.Streaming.MaxEffectiveScreenSize:0]]
[2020.01.03-07.17.39:398][  0]LogConfig: Applying CVar settings from Section [EffectsQuality@3] File [C:/Users/gowjr/gitProject/UnrealEngine/BPTutorial/Saved/Config/Windows/Scalability.ini]
[2020.01.03-07.17.39:398][  0]LogConfig: Setting CVar [[r.TranslucencyLightingVolumeDim:64]]
[2020.01.03-07.17.39:398][  0]LogConfig: Setting CVar [[r.RefractionQuality:2]]
[2020.01.03-07.17.39:398][  0]LogConfig: Setting CVar [[r.SSR.Quality:3]]
[2020.01.03-07.17.39:398][  0]LogConfig: Setting CVar [[r.SSR.HalfResSceneColor:0]]
[2020.01.03-07.17.39:398][  0]LogConfig: Setting CVar [[r.SceneColorFormat:4]]
[2020.01.03-07.17.39:398][  0]LogConfig: Setting CVar [[r.DetailMode:2]]
[2020.01.03-07.17.39:398][  0]LogConfig: Setting CVar [[r.TranslucencyVolumeBlur:1]]
[2020.01.03-07.17.39:398][  0]LogConfig: Setting CVar [[r.MaterialQualityLevel:1 ; High quality]]
[2020.01.03-07.17.39:398][  0]LogConfig: Setting CVar [[r.SSS.Scale:1]]
[2020.01.03-07.17.39:398][  0]LogConfig: Setting CVar [[r.SSS.SampleSet:2]]
[2020.01.03-07.17.39:398][  0]LogConfig: Setting CVar [[r.SSS.Quality:1]]
[2020.01.03-07.17.39:398][  0]LogConfig: Setting CVar [[r.SSS.HalfRes:1]]
[2020.01.03-07.17.39:398][  0]LogConfig: Setting CVar [[r.SSGI.Quality:3]]
[2020.01.03-07.17.39:398][  0]LogConfig: Setting CVar [[r.EmitterSpawnRateScale:1.0]]
[2020.01.03-07.17.39:398][  0]LogConfig: Setting CVar [[r.ParticleLightQuality:2]]
[2020.01.03-07.17.39:398][  0]LogConfig: Setting CVar [[r.SkyAtmosphere.AerialPerspectiveLUT.FastApplyOnOpaque:1 ; Always have FastSkyLUT 1 in this case to avoid wrong sky]]
[2020.01.03-07.17.39:398][  0]LogConfig: Setting CVar [[r.SkyAtmosphere.AerialPerspectiveLUT.SampleCountPerSlice:1]]
[2020.01.03-07.17.39:398][  0]LogConfig: Setting CVar [[r.SkyAtmosphere.AerialPerspectiveLUT.DepthResolution:16.0]]
[2020.01.03-07.17.39:398][  0]LogConfig: Setting CVar [[r.SkyAtmosphere.FastSkyLUT:1]]
[2020.01.03-07.17.39:398][  0]LogConfig: Setting CVar [[r.SkyAtmosphere.FastSkyLUT.SampleCountMin:4.0]]
[2020.01.03-07.17.39:398][  0]LogConfig: Setting CVar [[r.SkyAtmosphere.FastSkyLUT.SampleCountMax:32.0]]
[2020.01.03-07.17.39:398][  0]LogConfig: Setting CVar [[r.SkyAtmosphere.SampleCountMin:4.0]]
[2020.01.03-07.17.39:398][  0]LogConfig: Setting CVar [[r.SkyAtmosphere.SampleCountMax:32.0]]
[2020.01.03-07.17.39:398][  0]LogConfig: Setting CVar [[r.SkyAtmosphere.TransmittanceLUT.UseSmallFormat:0]]
[2020.01.03-07.17.39:398][  0]LogConfig: Setting CVar [[r.SkyAtmosphere.TransmittanceLUT.SampleCount:10.0]]
[2020.01.03-07.17.39:398][  0]LogConfig: Setting CVar [[r.SkyAtmosphere.MultiScatteringLUT.SampleCount:15.0]]
[2020.01.03-07.17.39:398][  0]LogConfig: Applying CVar settings from Section [FoliageQuality@3] File [C:/Users/gowjr/gitProject/UnrealEngine/BPTutorial/Saved/Config/Windows/Scalability.ini]
[2020.01.03-07.17.39:398][  0]LogConfig: Setting CVar [[foliage.DensityScale:1.0]]
[2020.01.03-07.17.39:398][  0]LogConfig: Setting CVar [[grass.DensityScale:1.0]]
[2020.01.03-07.17.39:398][  0]LogConfig: Applying CVar settings from Section [ShadingQuality@3] File [C:/Users/gowjr/gitProject/UnrealEngine/BPTutorial/Saved/Config/Windows/Scalability.ini]
[2020.01.03-07.17.39:398][  0]LogConfig: Setting CVar [[r.HairStrands.SkyLighting.SampleCount:16]]
[2020.01.03-07.17.39:398][  0]LogConfig: Setting CVar [[r.HairStrands.SkyLighting.JitterIntegration:0]]
[2020.01.03-07.17.39:398][  0]LogConfig: Setting CVar [[r.HairStrands.SkyAO.SampleCount:16]]
[2020.01.03-07.17.39:398][  0]LogConfig: Applying CVar settings from Section [Startup] File [../../../Engine/Config/ConsoleVariables.ini]
[2020.01.03-07.17.39:398][  0]LogConfig: Setting CVar [[net.UseAdaptiveNetUpdateFrequency:0]]
[2020.01.03-07.17.39:398][  0]LogConfig: Setting CVar [[p.chaos.AllowCreatePhysxBodies:1]]
[2020.01.03-07.17.39:398][  0]LogConfig: Applying CVar settings from Section [ConsoleVariables] File [C:/Users/gowjr/gitProject/UnrealEngine/BPTutorial/Saved/Config/Windows/Engine.ini]
[2020.01.03-07.17.39:398][  0]LogInit: Computer: DESKTOP-I33R9MR
[2020.01.03-07.17.39:398][  0]LogInit: User: gowjr
[2020.01.03-07.17.39:398][  0]LogInit: CPU Page size=4096, Cores=4
[2020.01.03-07.17.39:398][  0]LogInit: High frequency timer resolution =10.000000 MHz
[2020.01.03-07.17.39:399][  0]LogMemory: Memory total: Physical=16.0GB (16GB approx)
[2020.01.03-07.17.39:399][  0]LogMemory: Platform Memory Stats for Windows
[2020.01.03-07.17.39:399][  0]LogMemory: Process Physical Memory: 104.02 MB used, 104.03 MB peak
[2020.01.03-07.17.39:399][  0]LogMemory: Process Virtual Memory: 99.98 MB used, 99.98 MB peak
[2020.01.03-07.17.39:399][  0]LogMemory: Physical Memory: 5488.50 MB used,  10859.23 MB free, 16347.73 MB total
[2020.01.03-07.17.39:399][  0]LogMemory: Virtual Memory: 5121.22 MB used,  134212608.00 MB free, 134217728.00 MB total
[2020.01.03-07.17.39:403][  0]LogWindows: WindowsPlatformFeatures enabled
[2020.01.03-07.17.39:416][  0]LogInit: Using OS detected language (ko-KR).
[2020.01.03-07.17.39:416][  0]LogInit: Using OS detected locale (ko-KR).
[2020.01.03-07.17.39:417][  0]LogTextLocalizationManager: No specific localization for 'ko-KR' exists, so the 'ko' localization will be used.
[2020.01.03-07.17.39:481][  0]LogInit: Setting process to per monitor DPI aware
[2020.01.03-07.17.39:533][  0]LogSlate: New Slate User Created.  User Index 0, Is Virtual User: 0
[2020.01.03-07.17.39:533][  0]LogSlate: Slate User Registered.  User Index 0, Is Virtual User: 0
[2020.01.03-07.17.39:660][  0]LogHMD: Failed to initialize OpenVR with code 110
[2020.01.03-07.17.39:660][  0]LogD3D11RHI: D3D11 min allowed feature level: 11_0
[2020.01.03-07.17.39:660][  0]LogD3D11RHI: D3D11 max allowed feature level: 11_0
[2020.01.03-07.17.39:660][  0]LogD3D11RHI: D3D11 adapters:
[2020.01.03-07.17.39:734][  0]LogD3D11RHI:    0. 'NVIDIA GeForce GTX 1060 6GB' (Feature Level 11_0)
[2020.01.03-07.17.39:734][  0]LogD3D11RHI:       6052/0/8173 MB DedicatedVideo/DedicatedSystem/SharedSystem, Outputs:2, VendorId:0x10de
[2020.01.03-07.17.39:737][  0]LogD3D11RHI:    1. 'Microsoft Basic Render Driver' (Feature Level 11_0)
[2020.01.03-07.17.39:737][  0]LogD3D11RHI:       0/0/8173 MB DedicatedVideo/DedicatedSystem/SharedSystem, Outputs:0, VendorId:0x1414
[2020.01.03-07.17.39:737][  0]LogD3D11RHI: Chosen D3D11 Adapter: 0
[2020.01.03-07.17.39:744][  0]LogD3D11RHI: Creating new Direct3DDevice
[2020.01.03-07.17.39:744][  0]LogD3D11RHI:     GPU DeviceId: 0x1c03 (for the marketing name, search the web for "GPU Device Id")
[2020.01.03-07.17.39:744][  0]LogWindows: EnumDisplayDevices:
[2020.01.03-07.17.39:744][  0]LogWindows:    0. 'NVIDIA GeForce GTX 1060 6GB' (P:1 D:1)
[2020.01.03-07.17.39:745][  0]LogWindows:    1. 'NVIDIA GeForce GTX 1060 6GB' (P:0 D:1)
[2020.01.03-07.17.39:746][  0]LogWindows:    2. 'NVIDIA GeForce GTX 1060 6GB' (P:0 D:0)
[2020.01.03-07.17.39:747][  0]LogWindows:    3. 'NVIDIA GeForce GTX 1060 6GB' (P:0 D:0)
[2020.01.03-07.17.39:747][  0]LogWindows: DebugString: FoundDriverCount:4 
[2020.01.03-07.17.39:747][  0]LogD3D11RHI:     Adapter Name: NVIDIA GeForce GTX 1060 6GB
[2020.01.03-07.17.39:747][  0]LogD3D11RHI:   Driver Version: 432.00 (internal:26.21.14.3200, unified:432.00)
[2020.01.03-07.17.39:747][  0]LogD3D11RHI:      Driver Date: 7-24-2019
[2020.01.03-07.17.39:747][  0]LogRHI: Texture pool is 4236 MB (70% of 6052 MB)
[2020.01.03-07.17.39:789][  0]LogD3D11RHI: RHI has support for 64 bit atomics
[2020.01.03-07.17.39:789][  0]LogD3D11RHI: Async texture creation enabled
[2020.01.03-07.17.39:800][  0]LogD3D11RHI: GPU Timing Frequency: 1000.000000 (Debug: 2 1)
[2020.01.03-07.17.40:210][  0]LogTargetPlatformManager: Display: Loaded TargetPlatform 'AllDesktop'
[2020.01.03-07.17.40:237][  0]LogTargetPlatformManager: Display: Loaded TargetPlatform 'Android'
[2020.01.03-07.17.40:237][  0]LogTargetPlatformManager: Display: Loaded TargetPlatform 'Android_ASTC'
[2020.01.03-07.17.40:237][  0]LogTargetPlatformManager: Display: Loaded TargetPlatform 'Android_ATC'
[2020.01.03-07.17.40:237][  0]LogTargetPlatformManager: Display: Loaded TargetPlatform 'Android_DXT'
[2020.01.03-07.17.40:237][  0]LogTargetPlatformManager: Display: Loaded TargetPlatform 'Android_ETC1'
[2020.01.03-07.17.40:237][  0]LogTargetPlatformManager: Display: Loaded TargetPlatform 'Android_ETC1a'
[2020.01.03-07.17.40:237][  0]LogTargetPlatformManager: Display: Loaded TargetPlatform 'Android_ETC2'
[2020.01.03-07.17.40:237][  0]LogTargetPlatformManager: Display: Loaded TargetPlatform 'Android_PVRTC'
[2020.01.03-07.17.40:237][  0]LogTargetPlatformManager: Display: Loaded TargetPlatform 'AndroidClient'
[2020.01.03-07.17.40:237][  0]LogTargetPlatformManager: Display: Loaded TargetPlatform 'Android_ASTCClient'
[2020.01.03-07.17.40:237][  0]LogTargetPlatformManager: Display: Loaded TargetPlatform 'Android_ATCClient'
[2020.01.03-07.17.40:237][  0]LogTargetPlatformManager: Display: Loaded TargetPlatform 'Android_DXTClient'
[2020.01.03-07.17.40:237][  0]LogTargetPlatformManager: Display: Loaded TargetPlatform 'Android_ETC1Client'
[2020.01.03-07.17.40:237][  0]LogTargetPlatformManager: Display: Loaded TargetPlatform 'Android_ETC1aClient'
[2020.01.03-07.17.40:237][  0]LogTargetPlatformManager: Display: Loaded TargetPlatform 'Android_ETC2Client'
[2020.01.03-07.17.40:237][  0]LogTargetPlatformManager: Display: Loaded TargetPlatform 'Android_PVRTCClient'
[2020.01.03-07.17.40:237][  0]LogTargetPlatformManager: Display: Loaded TargetPlatform 'Android_Multi'
[2020.01.03-07.17.40:237][  0]LogTargetPlatformManager: Display: Loaded TargetPlatform 'Android_MultiClient'
[2020.01.03-07.17.40:254][  0]LogTargetPlatformManager: Display: Loaded TargetPlatform 'IOSClient'
[2020.01.03-07.17.40:254][  0]LogTargetPlatformManager: Display: Loaded TargetPlatform 'IOS'
[2020.01.03-07.17.40:260][  0]LogTargetPlatformManager: Display: Loaded TargetPlatform 'LinuxNoEditor'
[2020.01.03-07.17.40:266][  0]LogTargetPlatformManager: Display: Loaded TargetPlatform 'LinuxClient'
[2020.01.03-07.17.40:273][  0]LogTargetPlatformManager: Display: Loaded TargetPlatform 'LinuxServer'
[2020.01.03-07.17.40:279][  0]LogTargetPlatformManager: Display: Loaded TargetPlatform 'LinuxAArch64NoEditor'
[2020.01.03-07.17.40:285][  0]LogTargetPlatformManager: Display: Loaded TargetPlatform 'LinuxAArch64Client'
[2020.01.03-07.17.40:292][  0]LogTargetPlatformManager: Display: Loaded TargetPlatform 'LinuxAArch64Server'
[2020.01.03-07.17.40:313][  0]LogTargetPlatformManager: Display: Loaded TargetPlatform 'Lumin'
[2020.01.03-07.17.40:313][  0]LogTargetPlatformManager: Display: Loaded TargetPlatform 'LuminClient'
[2020.01.03-07.17.40:326][  0]LogTargetPlatformManager: Display: Loaded TargetPlatform 'TVOSClient'
[2020.01.03-07.17.40:326][  0]LogTargetPlatformManager: Display: Loaded TargetPlatform 'TVOS'
[2020.01.03-07.17.40:332][  0]LogTargetPlatformManager: Display: Loaded TargetPlatform 'WindowsNoEditor'
[2020.01.03-07.17.40:339][  0]LogTargetPlatformManager: Display: Loaded TargetPlatform 'Windows'
[2020.01.03-07.17.40:346][  0]LogTargetPlatformManager: Display: Loaded TargetPlatform 'WindowsClient'
[2020.01.03-07.17.40:352][  0]LogTargetPlatformManager: Display: Loaded TargetPlatform 'WindowsServer'
[2020.01.03-07.17.40:352][  0]LogTargetPlatformManager: Display: Building Assets For Windows
[2020.01.03-07.17.40:355][  0]LogAudioDebug: Display: Lib vorbis DLL was dynamically loaded.
[2020.01.03-07.17.40:373][  0]LogShaderCompilers: Guid format shader working directory is -4 characters bigger than the processId version (C:/Users/gowjr/gitProject/UnrealEngine/BPTutorial/Intermediate/Shaders/WorkingDirectory/17452/).
[2020.01.03-07.17.40:374][  0]LogShaderCompilers: Cleaned the shader compiler working directory 'C:/Users/gowjr/AppData/Local/Temp/UnrealShaderWorkingDir/968C07CB46DC0C8455018C97EA4BD9F6/'.
[2020.01.03-07.17.40:374][  0]LogXGEController: Cleaning working directory: C:/Users/gowjr/AppData/Local/Temp/UnrealXGEWorkingDir/
[2020.01.03-07.17.40:374][  0]LogXGEController: Cannot use XGE Controller as Incredibuild is not installed on this machine.
[2020.01.03-07.17.40:374][  0]LogShaderCompilers: Cannot use XGE Shader Compiler as Incredibuild is not installed on this machine.
[2020.01.03-07.17.40:374][  0]LogShaderCompilers: Display: Using Local Shader Compiler.
[2020.01.03-07.17.41:060][  0]LogDerivedDataCache: Display: Max Cache Size: 512 MB
[2020.01.03-07.17.41:111][  0]LogDerivedDataCache: Loaded boot cache 0.05s 78MB C:/Users/gowjr/AppData/Local/UnrealEngine/4.24/DerivedDataCache/Boot.ddc.
[2020.01.03-07.17.41:111][  0]LogDerivedDataCache: Display: Loaded Boot cache: C:/Users/gowjr/AppData/Local/UnrealEngine/4.24/DerivedDataCache/Boot.ddc
[2020.01.03-07.17.41:111][  0]LogDerivedDataCache: FDerivedDataBackendGraph:  Pak pak cache file C:/Users/gowjr/gitProject/UnrealEngine/BPTutorial/DerivedDataCache/DDC.ddp not found, will not use a pak cache.
[2020.01.03-07.17.41:111][  0]LogDerivedDataCache: Unable to find inner node Pak for hierarchical cache Hierarchy.
[2020.01.03-07.17.41:111][  0]LogDerivedDataCache: FDerivedDataBackendGraph:  CompressedPak pak cache file C:/Users/gowjr/gitProject/UnrealEngine/BPTutorial/DerivedDataCache/Compressed.ddp not found, will not use a pak cache.
[2020.01.03-07.17.41:111][  0]LogDerivedDataCache: Unable to find inner node CompressedPak for hierarchical cache Hierarchy.
[2020.01.03-07.17.41:122][  0]LogDerivedDataCache: Display: Pak cache opened for reading ../../../Engine/DerivedDataCache/Compressed.ddp.
[2020.01.03-07.17.41:122][  0]LogDerivedDataCache: FDerivedDataBackendGraph:  EnterprisePak pak cache file ../../../Enterprise/DerivedDataCache/Compressed.ddp not found, will not use a pak cache.
[2020.01.03-07.17.41:122][  0]LogDerivedDataCache: Unable to find inner node EnterprisePak for hierarchical cache Hierarchy.
[2020.01.03-07.17.41:123][  0]LogDerivedDataCache: Using Local data cache path C:/Users/gowjr/AppData/Local/UnrealEngine/Common/DerivedDataCache: Writable
[2020.01.03-07.17.41:123][  0]LogDerivedDataCache: Shared data cache path not found in *engine.ini, will not use an Shared cache.
[2020.01.03-07.17.41:123][  0]LogDerivedDataCache: Unable to find inner node Shared for hierarchical cache Hierarchy.
[2020.01.03-07.17.41:147][  0]LogMaterial: Verifying Global Shaders for PCD3D_SM5
[2020.01.03-07.17.41:149][  0]LogSlate: Using FreeType 2.10.0
[2020.01.03-07.17.41:150][  0]LogSlate: SlateFontServices - WITH_FREETYPE: 1, WITH_HARFBUZZ: 1
[2020.01.03-07.17.41:198][  0]LogAssetRegistry: FAssetRegistry took 0.0023 seconds to start up
[2020.01.03-07.17.41:465][  0]LogInit: Selected Device Profile: [Windows]
[2020.01.03-07.17.41:609][  0]LogMeshReduction: Using QuadricMeshReduction for automatic static mesh reduction
[2020.01.03-07.17.41:609][  0]LogMeshReduction: Using SimplygonMeshReduction for automatic skeletal mesh reduction
[2020.01.03-07.17.41:609][  0]LogMeshReduction: Using ProxyLODMeshReduction for automatic mesh merging
[2020.01.03-07.17.41:609][  0]LogMeshReduction: No distributed automatic mesh merging module available
[2020.01.03-07.17.41:609][  0]LogMeshMerging: No distributed automatic mesh merging module available
[2020.01.03-07.17.41:622][  0]LogNetVersion: BPTutorial 1.0.0, NetCL: 10570792, EngineNetVer: 13, GameNetVer: 0 (Checksum: 3757461952)
[2020.01.03-07.17.42:573][  0]LogPackageLocalizationCache: Processed 10 localized package path(s) for 1 prioritized culture(s) in 0.046827 seconds
[2020.01.03-07.17.42:580][  0]LogUObjectArray: 46750 objects as part of root set at end of initial load.
[2020.01.03-07.17.42:580][  0]LogUObjectAllocator: 8137160 out of 0 bytes used by permanent object pool.
[2020.01.03-07.17.42:580][  0]LogUObjectArray: CloseDisregardForGC: 0/0 objects in disregard for GC pool
[2020.01.03-07.17.42:937][  0]LogTcpMessaging: Initializing TcpMessaging bridge
[2020.01.03-07.17.42:939][  0]LogUdpMessaging: Initializing bridge on interface 0.0.0.0:0 to multicast group 230.0.0.1:6666.
[2020.01.03-07.17.42:983][  0]SourceControl: 소스 컨트롤이 꺼졌습니다.
[2020.01.03-07.17.42:983][  0]SourceControl: 소스 컨트롤이 꺼졌습니다.
[2020.01.03-07.17.42:984][  0]SourceControl: 소스 컨트롤이 꺼졌습니다.
[2020.01.03-07.17.42:985][  0]SourceControl: 소스 컨트롤이 꺼졌습니다.
[2020.01.03-07.17.42:986][  0]SourceControl: 소스 컨트롤이 꺼졌습니다.
[2020.01.03-07.17.43:054][  0]LogAndroidPermission: UAndroidPermissionCallbackProxy::GetInstance
[2020.01.03-07.17.43:063][  0]LogAudioCaptureCore: Display: No Audio Capture implementations found. Audio input will be silent.
[2020.01.03-07.17.43:063][  0]LogAudioCaptureCore: Display: No Audio Capture implementations found. Audio input will be silent.
[2020.01.03-07.17.43:138][  0]LogOcInput: OculusInput pre-init called
[2020.01.03-07.17.43:143][  0]LogWindows: Failed to load 'OVRPlugin.dll' (GetLastError=126)
[2020.01.03-07.17.43:143][  0]LogWindows: File 'OVRPlugin.dll' does not exist
[2020.01.03-07.17.43:205][  0]LogEngine: Initializing Engine...
[2020.01.03-07.17.43:206][  0]LogHMD: Failed to initialize OpenVR with code 110
[2020.01.03-07.17.43:207][  0]LogStats: UGameplayTagsManager::InitializeManager -  0.000 s
[2020.01.03-07.17.43:519][  0]LogInit: Initializing FReadOnlyCVARCache
[2020.01.03-07.17.43:526][  0]LogAIModule: Creating AISystem for world Untitled
[2020.01.03-07.17.43:533][  0]LogAudioMixer: Display: Audio Mixer Platform Settings:
[2020.01.03-07.17.43:534][  0]LogAudioMixer: Display: 	Sample Rate:						  48000
[2020.01.03-07.17.43:534][  0]LogAudioMixer: Display: 	Callback Buffer Frame Size Requested: 1024
[2020.01.03-07.17.43:534][  0]LogAudioMixer: Display: 	Callback Buffer Frame Size To Use:	  1024
[2020.01.03-07.17.43:534][  0]LogAudioMixer: Display: 	Number of buffers to queue:			  2
[2020.01.03-07.17.43:534][  0]LogAudioMixer: Display: 	Max Channels (voices):				  32
[2020.01.03-07.17.43:534][  0]LogAudioMixer: Display: 	Number of Async Source Workers:		  0
[2020.01.03-07.17.43:534][  0]LogAudio: Display: AudioDevice MaxSources: 32
[2020.01.03-07.17.43:534][  0]LogAudio: Display: Using built-in audio occlusion.
[2020.01.03-07.17.43:534][  0]LogAudioMixer: Display: Initializing audio mixer.
[2020.01.03-07.17.43:618][  0]LogAudioMixer: Display: Audio Device Output Speaker Info:
[2020.01.03-07.17.43:618][  0]LogAudioMixer: Display: Name: 스피커(Realtek High Definition Audio)
[2020.01.03-07.17.43:618][  0]LogAudioMixer: Display: Is Default: Yes
[2020.01.03-07.17.43:618][  0]LogAudioMixer: Display: Sample Rate: 48000
[2020.01.03-07.17.43:618][  0]LogAudioMixer: Display: Channel Count Used: 2
[2020.01.03-07.17.43:618][  0]LogAudioMixer: Display: Device Channel Count: 2
[2020.01.03-07.17.43:618][  0]LogAudioMixer: Display: Channel Order:
[2020.01.03-07.17.43:618][  0]LogAudioMixer: Display: 0: FrontLeft
[2020.01.03-07.17.43:618][  0]LogAudioMixer: Display: 1: FrontRight
[2020.01.03-07.17.43:673][  0]LogAudioMixer: Display: Using Audio Device 스피커(Realtek High Definition Audio)
[2020.01.03-07.17.43:675][  0]LogInit: FAudioDevice initialized.
[2020.01.03-07.17.43:675][  0]LogNetVersion: Set ProjectVersion to 1.0.0.0. Version Checksum will be recalculated on next use.
[2020.01.03-07.17.43:746][  0]LogDerivedDataCache: Saved boot cache 0.07s 78MB C:/Users/gowjr/AppData/Local/UnrealEngine/4.24/DerivedDataCache/Boot.ddc.
[2020.01.03-07.17.43:751][  0]LogInit: Texture streaming: Enabled
[2020.01.03-07.17.43:760][  0]LogEngineSessionManager: EngineSessionManager initialized
[2020.01.03-07.17.43:760][  0]LogEditorSessionSummary: Verbose: Initializing EditorSessionSummaryWriter for editor session tracking
[2020.01.03-07.17.43:763][  0]LogEditorSessionSummary: EditorSessionSummaryWriter initialized
[2020.01.03-07.17.43:804][  0]LogInit: Transaction tracking system initialized
[2020.01.03-07.17.43:812][  0]BlueprintLog: New page: 에디터 로드
[2020.01.03-07.17.43:840][  0]LocalizationService: 현지화 서비스가 비활성화되었습니다.
[2020.01.03-07.17.44:075][  0]LogFileCache: Scanning file cache for directory 'C:/Users/gowjr/gitProject/UnrealEngine/BPTutorial/Content/' took 0.00s
[2020.01.03-07.17.44:075][  0]LogCook: Display: Max memory allowance for cook 16384mb min free memory 0mb
[2020.01.03-07.17.44:075][  0]LogCook: Display: Mobile HDR setting 1
[2020.01.03-07.17.44:666][  0]SourceControl: 소스 컨트롤이 꺼졌습니다.
[2020.01.03-07.17.44:666][  0]Cmd: MAP LOAD FILE="C:/Users/gowjr/gitProject/UnrealEngine/BPTutorial/Content/ThirdPersonBP/Maps/ThirdPersonExampleMap.umap" TEMPLATE=0 SHOWPROGRESS=1 FEATURELEVEL=3
[2020.01.03-07.17.44:667][  0]LightingResults: New page: 라이팅 빌드
[2020.01.03-07.17.44:667][  0]LogWorld: UWorld::CleanupWorld for Untitled, bSessionEnded=true, bCleanupResources=true
[2020.01.03-07.17.44:667][  0]LogSlate: InvalidateAllWidgets triggered.  All widgets were invalidated
[2020.01.03-07.17.44:667][  0]MapCheck: New page: 맵 체크
[2020.01.03-07.17.44:667][  0]LightingResults: New page: 라이팅 빌드
[2020.01.03-07.17.44:689][  0]LogUObjectHash: Compacting FUObjectHashTables data took   1.91ms
[2020.01.03-07.17.44:941][  0]LogAIModule: Creating AISystem for world ThirdPersonExampleMap
[2020.01.03-07.17.44:947][  0]LogEditorServer: Finished looking for orphan Actors (0.000 secs)
[2020.01.03-07.17.44:971][  0]LogUObjectHash: Compacting FUObjectHashTables data took   2.09ms
[2020.01.03-07.17.44:971][  0]Cmd: MAP CHECKDEP NOCLEARLOG
[2020.01.03-07.17.44:971][  0]MapCheck: 맵 체크 완료: 오류 0 회, 경고 0 회, 소요 시간 0.146ms.
[2020.01.03-07.17.44:971][  0]LogFileHelpers: Loading map 'ThirdPersonExampleMap' took 0.305
[2020.01.03-07.17.45:110][  0]LogSlate: Updating window title bar state: overlay mode, drag disabled, window buttons hidden, title bar hidden
[2020.01.03-07.17.45:115][  0]LogSlate: Updating window title bar state: overlay mode, drag disabled, window buttons hidden, title bar hidden
[2020.01.03-07.17.45:122][  0]LogSlate: Updating window title bar state: overlay mode, drag disabled, window buttons hidden, title bar hidden
[2020.01.03-07.17.45:127][  0]LogSlate: Updating window title bar state: overlay mode, drag disabled, window buttons hidden, title bar hidden
[2020.01.03-07.17.45:132][  0]LogCollectionManager: Loaded 0 collections in 0.000786 seconds
[2020.01.03-07.17.45:144][  0]LogFileCache: Scanning file cache for directory 'C:/Users/gowjr/gitProject/UnrealEngine/BPTutorial/Saved/Collections/' took 0.00s
[2020.01.03-07.17.45:144][  0]LogFileCache: Scanning file cache for directory 'C:/Users/gowjr/gitProject/UnrealEngine/BPTutorial/Content/Developers/gowjr/Collections/' took 0.00s
[2020.01.03-07.17.45:144][  0]LogFileCache: Scanning file cache for directory 'C:/Users/gowjr/gitProject/UnrealEngine/BPTutorial/Content/Collections/' took 0.00s
[2020.01.03-07.17.45:144][  0]LogContentBrowser: Native class hierarchy populated in 0.0074 seconds. Added 3015 classes and 717 folders.
[2020.01.03-07.17.45:146][  0]LogContentBrowser: Native class hierarchy updated for 'WidgetCarousel' in 0.0002 seconds. Added 0 classes and 0 folders.
[2020.01.03-07.17.45:182][  0]LogContentBrowser: Native class hierarchy updated for 'AddContentDialog' in 0.0002 seconds. Added 0 classes and 0 folders.
[2020.01.03-07.17.45:185][  0]LogContentBrowser: Native class hierarchy updated for 'SceneOutliner' in 0.0003 seconds. Added 2 classes and 3 folders.
[2020.01.03-07.17.45:208][  0]LogContentBrowser: Native class hierarchy updated for 'HierarchicalLODOutliner' in 0.0002 seconds. Added 0 classes and 0 folders.
[2020.01.03-07.17.45:208][  0]LogLoad: (Engine Initialization) Total time: 6.71 seconds
[2020.01.03-07.17.45:209][  0]LogLoad: (Engine Initialization) Total Blueprint compile time: 0.00 seconds
[2020.01.03-07.17.45:252][  0]LogAssetRegistry: Asset discovery search completed in 4.0550 seconds
[2020.01.03-07.17.45:255][  0]LogCollectionManager: Fixed up redirectors for 0 collections in 0.000007 seconds (updated 0 objects)
[2020.01.03-07.17.45:256][  0]LogContentStreaming: Texture pool size now 1000 MB
[2020.01.03-07.17.45:263][  0]LogSlate: Took 0.000129 seconds to synchronously load lazily loaded font '../../../Engine/Content/Slate/Fonts/Roboto-Regular.ttf' (155K)
[2020.01.03-07.17.45:266][  0]LogSlate: Took 0.001499 seconds to synchronously load lazily loaded font '../../../Engine/Content/Editor/Slate/Fonts/NanumGothic.ttf' (4243K)
[2020.01.03-07.17.45:267][  0]LogSlate: Took 0.001446 seconds to synchronously load lazily loaded font '../../../Engine/Content/Editor/Slate/Fonts/NanumGothicBold.ttf' (4188K)
[2020.01.03-07.17.45:268][  0]LogSlate: Took 0.000140 seconds to synchronously load lazily loaded font '../../../Engine/Content/Slate/Fonts/Roboto-Bold.ttf' (160K)
[2020.01.03-07.17.45:271][  0]LogSlate: Took 0.000197 seconds to synchronously load lazily loaded font '../../../Engine/Content/Editor/Slate/Fonts/FontAwesome.ttf' (139K)
[2020.01.03-07.17.45:338][  0]LogSlate: Took 0.000156 seconds to synchronously load lazily loaded font '../../../Engine/Content/Slate/Fonts/Roboto-Light.ttf' (167K)
[2020.01.03-07.17.45:360][  1]LogRenderer: Reallocating scene render targets to support 868x520 Format 10 NumSamples 1 (Frame:1).
[2020.01.03-07.17.49:087][433]LogSlate: Took 0.000174 seconds to synchronously load lazily loaded font '../../../Engine/Content/Slate/Fonts/Roboto-Light.ttf' (167K)
[2020.01.03-07.17.49:157][433]LogAIModule: Creating AISystem for world NewMap
[2020.01.03-07.17.49:162][433]LogAssetEditorSubsystem: Opening Asset editor for World /Game/NewMap.NewMap
[2020.01.03-07.17.49:187][433]LogUObjectHash: Compacting FUObjectHashTables data took   2.89ms
[2020.01.03-07.17.49:189][433]Cmd: MAP LOAD FILE="C:/Users/gowjr/gitProject/UnrealEngine/BPTutorial/Content/NewMap.umap" TEMPLATE=0 SHOWPROGRESS=1 FEATURELEVEL=3
[2020.01.03-07.17.49:189][433]LightingResults: New page: 라이팅 빌드
[2020.01.03-07.17.49:189][433]LoadErrors: New page: 맵 로드중: NewMap.umap
[2020.01.03-07.17.49:190][433]LogWorld: UWorld::CleanupWorld for ThirdPersonExampleMap, bSessionEnded=true, bCleanupResources=true
[2020.01.03-07.17.49:190][433]LogSlate: InvalidateAllWidgets triggered.  All widgets were invalidated
[2020.01.03-07.17.49:190][433]MapCheck: New page: 맵 체크
[2020.01.03-07.17.49:190][433]LightingResults: New page: 라이팅 빌드
[2020.01.03-07.17.49:215][433]LogUObjectHash: Compacting FUObjectHashTables data took   1.56ms
[2020.01.03-07.17.49:220][433]LogEditorServer: Finished looking for orphan Actors (0.000 secs)
[2020.01.03-07.17.49:244][433]LogUObjectHash: Compacting FUObjectHashTables data took   1.39ms
[2020.01.03-07.17.49:264][433]Cmd: MAP CHECKDEP NOCLEARLOG
[2020.01.03-07.17.49:264][433]MapCheck: 맵 체크 완료: 오류 0 회, 경고 0 회, 소요 시간 0.136ms.
[2020.01.03-07.17.49:264][433]LogFileHelpers: Loading map 'NewMap' took 0.076
[2020.01.03-07.18.18:211][878]LogAssetEditorSubsystem: Opening Asset editor for Blueprint /Game/Blueprints/Light_BP.Light_BP
[2020.01.03-07.18.18:368][878]LogContentBrowser: Native class hierarchy updated for 'BlueprintGraph' in 0.0005 seconds. Added 121 classes and 0 folders.
[2020.01.03-07.18.19:172][878]LogSlate: Took 0.000192 seconds to synchronously load lazily loaded font '../../../Engine/Content/Slate/Fonts/Roboto-BoldCondensed.ttf' (158K)
[2020.01.03-07.18.19:214][879]LogSlate: Took 0.000173 seconds to synchronously load lazily loaded font '../../../Engine/Content/Slate/Fonts/Roboto-Italic.ttf' (157K)
[2020.01.03-07.18.23:514][256]LogSlate: Window 'Light_BP' being destroyed
[2020.01.03-07.21.49:934][870]LogSlate: Window '색 선택 툴' being destroyed
[2020.01.03-07.22.49:694][976]BlueprintLog: New page: Light_BP 컴파일
[2020.01.03-07.22.49:915][976]LogUObjectHash: Compacting FUObjectHashTables data took   3.52ms
[2020.01.03-07.23.19:263][246]LogSlate: Window '색 선택 툴' being destroyed
[2020.01.03-07.23.48:098][678]LogSlate: Window '색 선택 툴' being destroyed
[2020.01.03-07.23.59:505][925]LogSlate: Window '색 선택 툴' being destroyed
[2020.01.03-07.25.09:507][236]LogSlate: Took 0.011336 seconds to synchronously load lazily loaded font '../../../Engine/Content/Slate/Fonts/Roboto-BoldCondensedItalic.ttf' (160K)
[2020.01.03-07.26.19:108][557]BlueprintLog: New page: Light_BP 컴파일
[2020.01.03-07.26.19:328][557]LogUObjectHash: Compacting FUObjectHashTables data took   3.34ms
[2020.01.03-07.26.50:460][230]LogSlate: Window '색 선택 툴' being destroyed
[2020.01.03-07.27.04:951][938]LogSlate: Window '색 선택 툴' being destroyed
[2020.01.03-07.27.06:660][142]LogTemp: Repeating last play command: 시뮬레이트
[2020.01.03-07.27.06:674][142]LogBlueprintUserMessages: Early PlayInEditor Detection: Level '/Game/NewMap.NewMap:PersistentLevel' has LevelScriptBlueprint '/Game/NewMap.NewMap:PersistentLevel.NewMap' with GeneratedClass '/Game/NewMap.NewMap_C' with ClassGeneratedBy '/Game/NewMap.NewMap:PersistentLevel.NewMap'
[2020.01.03-07.27.06:674][142]LogPlayLevel: PlayLevel: No blueprints needed recompiling
[2020.01.03-07.27.06:674][142]PIE: New page: SIE 세션: NewMap (2020. 1. 4. 오전 1:27:06)
[2020.01.03-07.27.06:675][142]LogOnline: OSS: Creating online subsystem instance for: NULL
[2020.01.03-07.27.06:676][142]LogOnline: OSS: TryLoadSubsystemAndSetDefault: Loaded subsystem for module [NULL]
[2020.01.03-07.27.06:676][142]LogPlayLevel: Creating play world package: /Game/UEDPIE_0_NewMap
[2020.01.03-07.27.06:679][142]LogPlayLevel: PIE: StaticDuplicateObject took: (0.003272s)
[2020.01.03-07.27.06:681][142]LogAIModule: Creating AISystem for world NewMap
[2020.01.03-07.27.06:681][142]LogPlayLevel: PIE: World Init took: (0.001415s)
[2020.01.03-07.27.06:681][142]LogPlayLevel: PIE: Created PIE world by copying editor world from /Game/NewMap.NewMap to /Game/UEDPIE_0_NewMap.NewMap (0.004967s)
[2020.01.03-07.27.06:714][142]LogUObjectHash: Compacting FUObjectHashTables data took   2.81ms
[2020.01.03-07.27.06:716][142]LogAudioMixer: Display: Audio Mixer Platform Settings:
[2020.01.03-07.27.06:716][142]LogAudioMixer: Display: 	Sample Rate:						  48000
[2020.01.03-07.27.06:716][142]LogAudioMixer: Display: 	Callback Buffer Frame Size Requested: 1024
[2020.01.03-07.27.06:716][142]LogAudioMixer: Display: 	Callback Buffer Frame Size To Use:	  1024
[2020.01.03-07.27.06:716][142]LogAudioMixer: Display: 	Number of buffers to queue:			  2
[2020.01.03-07.27.06:716][142]LogAudioMixer: Display: 	Max Channels (voices):				  32
[2020.01.03-07.27.06:716][142]LogAudioMixer: Display: 	Number of Async Source Workers:		  0
[2020.01.03-07.27.06:716][142]LogAudio: Display: AudioDevice MaxSources: 32
[2020.01.03-07.27.06:716][142]LogAudio: Display: Using built-in audio occlusion.
[2020.01.03-07.27.06:717][142]LogAudioMixer: Display: Initializing audio mixer.
[2020.01.03-07.27.06:795][142]LogAudioMixer: Display: Audio Device Output Speaker Info:
[2020.01.03-07.27.06:795][142]LogAudioMixer: Display: Name: 스피커(Realtek High Definition Audio)
[2020.01.03-07.27.06:795][142]LogAudioMixer: Display: Is Default: Yes
[2020.01.03-07.27.06:795][142]LogAudioMixer: Display: Sample Rate: 48000
[2020.01.03-07.27.06:795][142]LogAudioMixer: Display: Channel Count Used: 2
[2020.01.03-07.27.06:795][142]LogAudioMixer: Display: Device Channel Count: 2
[2020.01.03-07.27.06:795][142]LogAudioMixer: Display: Channel Order:
[2020.01.03-07.27.06:795][142]LogAudioMixer: Display: 0: FrontLeft
[2020.01.03-07.27.06:795][142]LogAudioMixer: Display: 1: FrontRight
[2020.01.03-07.27.06:834][142]LogAudioMixer: Display: Using Audio Device 스피커(Realtek High Definition Audio)
[2020.01.03-07.27.06:835][142]LogInit: FAudioDevice initialized.
[2020.01.03-07.27.06:846][142]LogLoad: Game class is 'ThirdPersonGameMode_C'
[2020.01.03-07.27.06:849][142]LogWorld: Bringing World /Game/UEDPIE_0_NewMap.NewMap up for play (max tick rate 0) at 2020.01.03-16.27.06
[2020.01.03-07.27.06:849][142]LogWorld: Bringing up level for play took: 0.001629
[2020.01.03-07.27.06:849][142]LogOnline: OSS: Creating online subsystem instance for: :Context_3
[2020.01.03-07.27.06:856][142]LogContentBrowser: Native class hierarchy updated for 'MovieSceneCapture' in 0.0003 seconds. Added 20 classes and 0 folders.
[2020.01.03-07.27.06:856][142]PIE: /Game/UEDPIE_0_NewMap 에 대한 에디터에서 플레이 시작 시간: 0.626
[2020.01.03-07.27.06:861][142]LogBlueprintUserMessages: Late PlayInEditor Detection: Level '/Game/NewMap.NewMap:PersistentLevel' has LevelScriptBlueprint '/Game/NewMap.NewMap:PersistentLevel.NewMap' with GeneratedClass '/Game/NewMap.NewMap_C' with ClassGeneratedBy '/Game/NewMap.NewMap:PersistentLevel.NewMap'
[2020.01.03-07.27.22:078][913]LogAudioMixer: Display: No commands were queued while flushing the source manager.
[2020.01.03-07.27.22:078][913]LogAudioMixer: Display: No commands were queued while flushing the source manager.
[2020.01.03-07.27.22:078][913]LogBlueprintUserMessages: Early EndPlayMap Detection: Level '/Game/NewMap.NewMap:PersistentLevel' has LevelScriptBlueprint '/Game/NewMap.NewMap:PersistentLevel.NewMap' with GeneratedClass '/Game/NewMap.NewMap_C' with ClassGeneratedBy '/Game/NewMap.NewMap:PersistentLevel.NewMap'
[2020.01.03-07.27.22:079][913]LogSlate: Updating window title bar state: overlay mode, drag disabled, window buttons hidden, title bar hidden
[2020.01.03-07.27.22:079][913]LogWorld: BeginTearingDown for /Game/UEDPIE_0_NewMap
[2020.01.03-07.27.22:079][913]LogAudioMixer: Display: No commands were queued while flushing the source manager.
[2020.01.03-07.27.22:079][913]LogWorld: UWorld::CleanupWorld for NewMap, bSessionEnded=true, bCleanupResources=true
[2020.01.03-07.27.22:079][913]LogSlate: InvalidateAllWidgets triggered.  All widgets were invalidated
[2020.01.03-07.27.22:086][913]LogPlayLevel: Display: Shutting down PIE online subsystems
[2020.01.03-07.27.22:086][913]LogBlueprintUserMessages: Late EndPlayMap Detection: Level '/Game/NewMap.NewMap:PersistentLevel' has LevelScriptBlueprint '/Game/NewMap.NewMap:PersistentLevel.NewMap' with GeneratedClass '/Game/NewMap.NewMap_C' with ClassGeneratedBy '/Game/NewMap.NewMap:PersistentLevel.NewMap'
[2020.01.03-07.27.22:091][913]LogSlate: InvalidateAllWidgets triggered.  All widgets were invalidated
[2020.01.03-07.27.22:123][913]LogAudioMixer: Display: No commands were queued while flushing the source manager.
[2020.01.03-07.27.22:127][913]LogSlate: Updating window title bar state: overlay mode, drag disabled, window buttons hidden, title bar hidden
[2020.01.03-07.27.22:150][913]LogUObjectHash: Compacting FUObjectHashTables data took   4.39ms
[2020.01.03-07.27.22:185][915]LogPlayLevel: Display: Destroying online subsystem :Context_3
[2020.01.03-07.27.33:656][276]Cmd: OBJ SAVEPACKAGE PACKAGE="/Game/NewMap" FILE="C:/Users/gowjr/gitProject/UnrealEngine/BPTutorial/Content/NewMap.umap" SILENT=true AUTOSAVING=false KEEPDIRTY=false
[2020.01.03-07.27.33:696][276]LogUObjectHash: Compacting FUObjectHashTables data took   3.15ms
[2020.01.03-07.27.33:940][276]LogSavePackage: Moving 'C:/Users/gowjr/gitProject/UnrealEngine/BPTutorial/Saved/NewMap8359794F41FBE15E9DD9FA989B495483.tmp' to 'C:/Users/gowjr/gitProject/UnrealEngine/BPTutorial/Content/NewMap.umap'
[2020.01.03-07.27.33:972][276]Cmd: OBJ SAVEPACKAGE PACKAGE="/Game/NewMap_BuiltData" FILE="C:/Users/gowjr/gitProject/UnrealEngine/BPTutorial/Content/NewMap_BuiltData.uasset" SILENT=true
[2020.01.03-07.27.34:021][276]LogSavePackage: Moving 'C:/Users/gowjr/gitProject/UnrealEngine/BPTutorial/Saved/NewMap_BuiltDataD072005148FD899AA93FC6A1B3B45339.tmp' to 'C:/Users/gowjr/gitProject/UnrealEngine/BPTutorial/Content/NewMap_BuiltData.uasset'
[2020.01.03-07.27.34:038][276]AssetCheck: New page: Asset Save: 애셋이 다수입니다.
[2020.01.03-07.27.34:038][276]LogContentValidation: Display: World /Game/NewMap.NewMap 유효성 검사
[2020.01.03-07.27.34:038][276]LogContentValidation: Display: MapBuildDataRegistry /Game/NewMap_BuiltData.NewMap_BuiltData 유효성 검사
[2020.01.03-07.27.35:951][497]Cmd: OBJ SAVEPACKAGE PACKAGE="/Game/Blueprints/Light_BP" FILE="C:/Users/gowjr/gitProject/UnrealEngine/BPTutorial/Content/Blueprints/Light_BP.uasset" SILENT=true
[2020.01.03-07.27.36:006][497]LogSavePackage: Moving 'C:/Users/gowjr/gitProject/UnrealEngine/BPTutorial/Saved/Light_BPF3F4607A4D51D9923BD4728CE45F4BEE.tmp' to 'C:/Users/gowjr/gitProject/UnrealEngine/BPTutorial/Content/Blueprints/Light_BP.uasset'
[2020.01.03-07.27.36:020][497]AssetCheck: New page: Asset Save: Light_BP
[2020.01.03-07.27.36:020][497]LogContentValidation: Display: Blueprint /Game/Blueprints/Light_BP.Light_BP 유효성 검사
[2020.01.03-07.30.17:972][333]BlueprintLog: New page: Light_BP 컴파일
[2020.01.03-07.30.18:224][333]LogUObjectHash: Compacting FUObjectHashTables data took   3.79ms
[2020.01.03-07.30.38:455][736]BlueprintLog: New page: Light_BP 컴파일
[2020.01.03-07.30.38:718][736]LogUObjectHash: Compacting FUObjectHashTables data took   3.65ms
[2020.01.03-07.30.46:770][690]Cmd: OBJ SAVEPACKAGE PACKAGE="/Game/Blueprints/Light_BP" FILE="C:/Users/gowjr/gitProject/UnrealEngine/BPTutorial/Content/Blueprints/Light_BP.uasset" SILENT=true
[2020.01.03-07.30.46:801][690]LogSavePackage: Moving 'C:/Users/gowjr/gitProject/UnrealEngine/BPTutorial/Saved/Light_BP9BF0582E422FB708D33554918DFF7AA5.tmp' to 'C:/Users/gowjr/gitProject/UnrealEngine/BPTutorial/Content/Blueprints/Light_BP.uasset'
[2020.01.03-07.30.46:817][690]AssetCheck: New page: Asset Save: Light_BP
[2020.01.03-07.30.46:817][690]LogContentValidation: Display: Blueprint /Game/Blueprints/Light_BP.Light_BP 유효성 검사
[2020.01.03-07.32.08:611][429]Cmd: OBJ SAVEPACKAGE PACKAGE="/Game/NewMap" FILE="C:/Users/gowjr/gitProject/UnrealEngine/BPTutorial/Content/NewMap.umap" SILENT=true AUTOSAVING=false KEEPDIRTY=false
[2020.01.03-07.32.08:650][429]LogUObjectHash: Compacting FUObjectHashTables data took   3.90ms
[2020.01.03-07.32.08:895][429]LogSavePackage: Moving 'C:/Users/gowjr/gitProject/UnrealEngine/BPTutorial/Saved/NewMap65C48AED4CFE2D67A6A8B784555CE668.tmp' to 'C:/Users/gowjr/gitProject/UnrealEngine/BPTutorial/Content/NewMap.umap'
[2020.01.03-07.32.08:926][429]Cmd: OBJ SAVEPACKAGE PACKAGE="/Game/NewMap_BuiltData" FILE="C:/Users/gowjr/gitProject/UnrealEngine/BPTutorial/Content/NewMap_BuiltData.uasset" SILENT=true
[2020.01.03-07.32.08:960][429]LogSavePackage: Moving 'C:/Users/gowjr/gitProject/UnrealEngine/BPTutorial/Saved/NewMap_BuiltDataD4E9431C49A04E1025C2BBA93B857700.tmp' to 'C:/Users/gowjr/gitProject/UnrealEngine/BPTutorial/Content/NewMap_BuiltData.uasset'
[2020.01.03-07.32.08:977][429]AssetCheck: New page: Asset Save: 애셋이 다수입니다.
[2020.01.03-07.32.08:977][429]LogContentValidation: Display: World /Game/NewMap.NewMap 유효성 검사
[2020.01.03-07.32.08:977][429]LogContentValidation: Display: MapBuildDataRegistry /Game/NewMap_BuiltData.NewMap_BuiltData 유효성 검사
[2020.01.03-07.32.10:778][636]LogUObjectHash: Compacting FUObjectHashTables data took   3.15ms
[2020.01.03-07.32.10:836][636]LogSlate: Window 'BPTutorial - 언리얼 에디터' being destroyed
[2020.01.03-07.32.10:841][636]LogWindowsTextInputMethodSystem: Display: IME system now activated using TSF (Microsoft 입력기).
[2020.01.03-07.32.10:929][636]LogWorld: UWorld::CleanupWorld for World_1, bSessionEnded=true, bCleanupResources=true
[2020.01.03-07.32.10:929][636]LogSlate: InvalidateAllWidgets triggered.  All widgets were invalidated
[2020.01.03-07.32.11:021][637]Cmd: QUIT_EDITOR
[2020.01.03-07.32.11:021][637]LogCore: Engine exit requested (reason: UUnrealEdEngine::CloseEditor())
[2020.01.03-07.32.11:031][637]LogCore: Engine exit requested (reason: EngineExit() was called; note: exit was already requested)
[2020.01.03-07.32.11:031][637]LogAudioMixer: Display: No commands were queued while flushing the source manager.
[2020.01.03-07.32.11:837][637]LogExit: Preparing to exit.
[2020.01.03-07.32.12:551][637]LogWorld: UWorld::CleanupWorld for World_0, bSessionEnded=true, bCleanupResources=true
[2020.01.03-07.32.12:587][637]LogDemo: Cleaned up 0 splitscreen connections with owner deletion
[2020.01.03-07.32.12:607][637]LogWorld: UWorld::CleanupWorld for None, bSessionEnded=true, bCleanupResources=true
[2020.01.03-07.32.12:608][637]LogExit: Editor shut down
[2020.01.03-07.32.12:608][637]LogExit: Transaction tracking system shut down
